0 info it worked if it ends with ok
1 verbose cli [ '/usr/local/bin/node',
1 verbose cli   '/usr/local/bin/npm',
1 verbose cli   'unpublish',
1 verbose cli   'ccresloadermod',
1 verbose cli   '--force' ]
2 info using npm@2.14.20
3 info using node@v4.4.0
4 warn using --force I sure hope you know what you are doing.
5 silly unpublish args[0] ccresloadermod
6 silly unpublish thing Result {
6 silly unpublish   raw: 'ccresloadermod',
6 silly unpublish   scope: null,
6 silly unpublish   name: 'ccresloadermod',
6 silly unpublish   rawSpec: '',
6 silly unpublish   spec: 'latest',
6 silly unpublish   type: 'tag' }
7 verbose getPublishConfig null
8 silly ls normalized ccresloadermod
9 silly gentlyRm /Users/eddielaw/.npm/ccresloadermod is being purged
10 verbose gentlyRm don't care about contents; nuking /Users/eddielaw/.npm/ccresloadermod
11 silly vacuum-fs purging /Users/eddielaw/.npm/ccresloadermod
12 silly vacuum-fs quitting because other entries in /Users/eddielaw/.npm
13 silly mapToRegistry name ccresloadermod
14 silly mapToRegistry using default registry
15 silly mapToRegistry registry https://registry.npmjs.org/
16 silly mapToRegistry uri https://registry.npmjs.org/ccresloadermod
17 verbose get GET as part of write; not caching result
18 verbose request uri https://registry.npmjs.org/ccresloadermod?write=true
19 verbose request no auth needed
20 info attempt registry request try #1 at 8:29:30 PM
21 verbose request using bearer token for auth
22 verbose request id 7fe9497f5e5b957c
23 http request GET https://registry.npmjs.org/ccresloadermod?write=true
24 http 200 https://registry.npmjs.org/ccresloadermod?write=true
25 verbose headers { server: 'CouchDB/1.5.0 (Erlang OTP/R16B03)',
25 verbose headers   etag: '"4SGPMPU0V687M5IRB4INN9P8M"',
25 verbose headers   'content-type': 'application/json',
25 verbose headers   'content-encoding': 'gzip',
25 verbose headers   'cache-control': 'max-age=0',
25 verbose headers   'transfer-encoding': 'chunked',
25 verbose headers   'accept-ranges': 'bytes',
25 verbose headers   date: 'Sat, 02 Jul 2016 00:29:30 GMT',
25 verbose headers   via: '1.1 varnish',
25 verbose headers   connection: 'keep-alive',
25 verbose headers   'x-served-by': 'cache-ord1727-ORD',
25 verbose headers   'x-cache': 'MISS',
25 verbose headers   'x-cache-hits': '0',
25 verbose headers   'x-timer': 'S1467419370.501098,VS0,VE102',
25 verbose headers   vary: 'Accept-Encoding' }
26 silly get cb [ 200,
26 silly get   { server: 'CouchDB/1.5.0 (Erlang OTP/R16B03)',
26 silly get     etag: '"4SGPMPU0V687M5IRB4INN9P8M"',
26 silly get     'content-type': 'application/json',
26 silly get     'content-encoding': 'gzip',
26 silly get     'cache-control': 'max-age=0',
26 silly get     'transfer-encoding': 'chunked',
26 silly get     'accept-ranges': 'bytes',
26 silly get     date: 'Sat, 02 Jul 2016 00:29:30 GMT',
26 silly get     via: '1.1 varnish',
26 silly get     connection: 'keep-alive',
26 silly get     'x-served-by': 'cache-ord1727-ORD',
26 silly get     'x-cache': 'MISS',
26 silly get     'x-cache-hits': '0',
26 silly get     'x-timer': 'S1467419370.501098,VS0,VE102',
26 silly get     vary: 'Accept-Encoding' } ]
27 verbose get saving ccresloadermod to /Users/eddielaw/.npm/registry.npmjs.org/ccresloadermod_3Fwrite_3Dtrue/.cache.json
28 verbose correctMkdir /Users/eddielaw/.npm correctMkdir not in flight; initializing
29 info unpublish No version specified, removing all
30 verbose request uri https://registry.npmjs.org/ccresloadermod/-rev/1-3a4d4c625a62e1918862a69e9eece508
31 verbose request sending authorization for write operation
32 info attempt registry request try #1 at 8:29:30 PM
33 verbose request using bearer token for auth
34 http request DELETE https://registry.npmjs.org/ccresloadermod/-rev/1-3a4d4c625a62e1918862a69e9eece508
35 http 400 https://registry.npmjs.org/ccresloadermod/-rev/1-3a4d4c625a62e1918862a69e9eece508
36 verbose headers { 'content-type': 'application/json',
36 verbose headers   'cache-control': 'max-age=300',
36 verbose headers   'content-length': '17',
36 verbose headers   'accept-ranges': 'bytes',
36 verbose headers   date: 'Sat, 02 Jul 2016 00:29:31 GMT',
36 verbose headers   via: '1.1 varnish',
36 verbose headers   connection: 'keep-alive',
36 verbose headers   'x-served-by': 'cache-ord1735-ORD',
36 verbose headers   'x-cache': 'MISS',
36 verbose headers   'x-cache-hits': '0',
36 verbose headers   'x-timer': 'S1467419370.787511,VS0,VE1006',
36 verbose headers   vary: 'Accept-Encoding' }
37 verbose request invalidating /Users/eddielaw/.npm/registry.npmjs.org/ccresloadermod on DELETE
38 verbose stack Error: Registry returned 400 for DELETE on https://registry.npmjs.org/ccresloadermod/-rev/1-3a4d4c625a62e1918862a69e9eece508
38 verbose stack     at makeError (/usr/local/lib/node_modules/npm/node_modules/npm-registry-client/lib/request.js:264:12)
38 verbose stack     at CachingRegistryClient.<anonymous> (/usr/local/lib/node_modules/npm/node_modules/npm-registry-client/lib/request.js:242:14)
38 verbose stack     at Request._callback (/usr/local/lib/node_modules/npm/node_modules/npm-registry-client/lib/request.js:172:14)
38 verbose stack     at Request.self.callback (/usr/local/lib/node_modules/npm/node_modules/request/request.js:199:22)
38 verbose stack     at emitTwo (events.js:87:13)
38 verbose stack     at Request.emit (events.js:172:7)
38 verbose stack     at Request.<anonymous> (/usr/local/lib/node_modules/npm/node_modules/request/request.js:1036:10)
38 verbose stack     at emitOne (events.js:82:20)
38 verbose stack     at Request.emit (events.js:169:7)
38 verbose stack     at IncomingMessage.<anonymous> (/usr/local/lib/node_modules/npm/node_modules/request/request.js:963:12)
39 verbose statusCode 400
40 verbose pkgid ccresloadermod
41 verbose cwd /Users/eddielaw/Development/Current/ResLoader
42 error Darwin 15.3.0
43 error argv "/usr/local/bin/node" "/usr/local/bin/npm" "unpublish" "ccresloadermod" "--force"
44 error node v4.4.0
45 error npm  v2.14.20
46 error code E400
47 error Registry returned 400 for DELETE on https://registry.npmjs.org/ccresloadermod/-rev/1-3a4d4c625a62e1918862a69e9eece508
48 error If you need help, you may report this error at:
48 error     <https://github.com/npm/npm/issues>
49 verbose exit [ 1, true ]
